Log file open, 11/26/17 18:19:55
LogInit:Display: Running engine for game: HelloUnreal
LogPlatformFile: Not using cached read wrapper
LogInit:Display: RandInit(-1520856203) SRandInit(-1520856203).
LogTaskGraph: Started task graph with 5 named threads and 8 total threads with 1 sets of task threads.
LogStats: Stats thread started at 0.215041
LogInit:Warning: Incompatible or missing module: UE4Editor-HelloUnreal.dll
Running C:/Program Files/Epic Games/UE_4.16/Engine/Binaries/DotNET/UnrealBuildTool.exe HelloUnreal Development Win64 -project="D:/UnrealProjects/HelloUnreal/HelloUnreal.uproject" -editorrecompile -progress -NoHotReloadFromIDE
Creating makefile for HelloUnreal (no existing makefile)
Performing full C++ include scan (no include cache file)
@progress push 5%
@progress pop
Performing 8 actions (4 in parallel)
[2/8] Resource ModuleVersionResource.rc.inl
[3/8] Resource PCLaunch.rc
SharedPCH.Engine.cpp
HelloUnreal.generated.cpp
HelloUnrealGameModeBase.cpp
HelloUnreal.cpp
[7/8] Link UE4Editor-HelloUnreal.dll
[8/8] Link UE4Editor-HelloUnreal.lib
   Creating library D:\UnrealProjects\HelloUnreal\Intermediate\Build\Win64\UE4Editor\Development\UE4Editor-HelloUnreal.lib and object D:\UnrealProjects\HelloUnreal\Intermediate\Build\Win64\UE4Editor\Development\UE4Editor-HelloUnreal.exp
   Creating library D:\UnrealProjects\HelloUnreal\Intermediate\Build\Win64\UE4Editor\Development\UE4Editor-HelloUnreal.suppressed.lib and object D:\UnrealProjects\HelloUnreal\Intermediate\Build\Win64\UE4Editor\Development\UE4Editor-HelloUnreal.suppressed.exp
Total build time: 101.60 seconds (Local executor: 77.79 seconds)
LogInit: Using libcurl 7.47.1
LogInit:  - built for x86_64-pc-win32
LogInit:  - supports SSL with OpenSSL/1.0.2g
LogInit:  - supports HTTP deflate (compression) using libz 1.2.8
LogInit:  - other features:
LogInit:      CURL_VERSION_SSL
LogInit:      CURL_VERSION_LIBZ
LogInit:      CURL_VERSION_IPV6
LogInit:      CURL_VERSION_ASYNCHDNS
LogInit:      CURL_VERSION_LARGEFILE
LogInit:      CURL_VERSION_IDN
LogInit:  CurlRequestOptions (configurable via config and command line):
LogInit:  - bVerifyPeer = false  - Libcurl will NOT verify peer certificate
LogInit:  - bUseHttpProxy = false  - Libcurl will NOT use HTTP proxy
LogInit:  - bDontReuseConnections = false  - Libcurl will reuse connections
LogInit:  - CertBundlePath = nullptr  - Libcurl will use whatever was configured at build time.
LogInit: Build: ++UE4+Release-4.16-CL-3561208
LogInit: Engine Version: 4.16.3-3561208+++UE4+Release-4.16
LogInit: Compatible Engine Version: 4.16.0-3452394+++UE4+Release-4.16
LogInit: Net CL: 3452394
LogDevObjectVersion: Number of dev versions registered: 16
LogDevObjectVersion:   Dev-Blueprints (B0D832E4-1F89-4F0D-ACCF-7EB736FD4AA2): 9
LogDevObjectVersion:   Dev-Build (E1C64328-A22C-4D53-A36C-8E866417BD8C): 0
LogDevObjectVersion:   Dev-Core (375EC13C-06E4-48FB-B500-84F0262A717E): 2
LogDevObjectVersion:   Dev-Editor (E4B068ED-F494-42E9-A231-DA0B2E46BB41): 17
LogDevObjectVersion:   Dev-Framework (CFFC743F-43B0-4480-9391-14DF171D2073): 23
LogDevObjectVersion:   Dev-Mobile (B02B49B5-BB20-44E9-A304-32B752E40360): 0
LogDevObjectVersion:   Dev-Networking (A4E4105C-59A1-49B5-A7C5-40C4547EDFEE): 0
LogDevObjectVersion:   Dev-Online (39C831C9-5AE6-47DC-9A44-9C173E1C8E7C): 0
LogDevObjectVersion:   Dev-Physics (78F01B33-EBEA-4F98-B9B4-84EACCB95AA2): 0
LogDevObjectVersion:   Dev-Platform (6631380F-2D4D-43E0-8009-CF276956A95A): 0
LogDevObjectVersion:   Dev-Rendering (12F88B9F-8875-4AFC-A67C-D90C383ABD29): 15
LogDevObjectVersion:   Dev-Sequencer (7B5AE74C-D270-4C10-A958-57980B212A5A): 4
LogDevObjectVersion:   Dev-VR (D7296918-1DD6-4BDD-9DE2-64A83CC13884): 0
LogDevObjectVersion:   Dev-LoadTimes (C2A15278-BFE7-4AFE-6C17-90FF531DF755): 1
LogDevObjectVersion:   Private-Geometry (6EACA3D4-40EC-4CC1-B786-8BED09428FC5): 1
LogDevObjectVersion:   Dev-AnimPhys (29E575DD-E0A3-4627-9D10-D276232CDCEA): 3
LogInit: Compiled (64-bit): Jul 28 2017 11:49:47
LogInit: Compiled with Visual C++: 19.00.24215.01
LogInit: Build Configuration: Development
LogInit: Branch Name: ++UE4+Release-4.16
LogInit: Command line:  
LogInit: Base directory: C:/Program Files/Epic Games/UE_4.16/Engine/Binaries/Win64/
LogInit: Installed Engine Build: 1
LogInit: Presizing for max 8388607 objects, including 0 objects not considered by GC, pre-allocating 0 bytes for permanent pool.
LogInit: Object subsystem initialized
[2017.11.26-23.22.37:246][  0]LogInit: Selected Device Profile: [Windows]
[2017.11.26-23.22.37:246][  0]LogInit: Applying CVar settings loaded from the selected device profile: [Windows]
[2017.11.26-23.22.37:274][  0]LogInit: Computer: LAPTOP-LPKATON
[2017.11.26-23.22.37:274][  0]LogInit: User: Owner
[2017.11.26-23.22.37:274][  0]LogInit: CPU Page size=4096, Cores=4
[2017.11.26-23.22.37:274][  0]LogInit: High frequency timer resolution =2.531251 MHz
[2017.11.26-23.22.37:277][  0]LogMemory: Memory total: Physical=15.9GB (16GB approx)
[2017.11.26-23.22.37:277][  0]LogMemory: Platform Memory Stats for Windows
[2017.11.26-23.22.37:277][  0]LogMemory: Process Physical Memory: 279.10 MB used, 279.10 MB peak
[2017.11.26-23.22.37:277][  0]LogMemory: Process Virtual Memory: 263.82 MB used, 263.82 MB peak
[2017.11.26-23.22.37:277][  0]LogMemory: Physical Memory: 7115.38 MB used,  9139.95 MB free, 16255.33 MB total
[2017.11.26-23.22.37:277][  0]LogMemory: Virtual Memory: 725.41 MB used,  9139.95 MB free, 134217728.00 MB total
[2017.11.26-23.22.37:755][  0]LogInit: Using OS detected language (en-US).
[2017.11.26-23.22.37:755][  0]LogInit: Using OS detected locale (en-CA).
[2017.11.26-23.22.37:778][  0]LogTextLocalizationManager: No specific localization for 'en-US' exists, so the 'en' localization will be used.
[2017.11.26-23.22.41:230][  0]LogD3D11RHI: D3D11 adapters:
[2017.11.26-23.22.41:539][  0]LogD3D11RHI:    0. 'NVIDIA GeForce GTX 1060' (Feature Level 11_0)
[2017.11.26-23.22.41:539][  0]LogD3D11RHI:       6061/0/8127 MB DedicatedVideo/DedicatedSystem/SharedSystem, Outputs:2, VendorId:0x10de
[2017.11.26-23.22.41:563][  0]LogD3D11RHI:    1. 'Intel(R) HD Graphics 530' (Feature Level 11_0)
[2017.11.26-23.22.41:563][  0]LogD3D11RHI:       128/0/8127 MB DedicatedVideo/DedicatedSystem/SharedSystem, Outputs:0, VendorId:0x8086
[2017.11.26-23.22.41:572][  0]LogD3D11RHI:    2. 'Microsoft Basic Render Driver' (Feature Level 11_0)
[2017.11.26-23.22.41:572][  0]LogD3D11RHI:       0/0/8127 MB DedicatedVideo/DedicatedSystem/SharedSystem, Outputs:0, VendorId:0x1414
[2017.11.26-23.22.41:572][  0]LogD3D11RHI: Chosen D3D11 Adapter: 0
[2017.11.26-23.22.41:594][  0]LogD3D11RHI: Creating new Direct3DDevice
[2017.11.26-23.22.41:595][  0]LogD3D11RHI:     GPU DeviceId: 0x1c20 (for the marketing name, search the web for "GPU Device Id")
[2017.11.26-23.22.41:595][  0]LogWindows: EnumDisplayDevices:
[2017.11.26-23.22.41:595][  0]LogWindows:    0. 'Intel(R) HD Graphics 530' (P:1 D:1)
[2017.11.26-23.22.41:596][  0]LogWindows:    1. 'Intel(R) HD Graphics 530' (P:0 D:0)
[2017.11.26-23.22.41:596][  0]LogWindows:    2. 'Intel(R) HD Graphics 530' (P:0 D:0)
[2017.11.26-23.22.41:596][  0]LogWindows:    3. 'NVIDIA GeForce GTX 1060' (P:0 D:1)
[2017.11.26-23.22.41:597][  0]LogWindows:    4. 'NVIDIA GeForce GTX 1060' (P:0 D:0)
[2017.11.26-23.22.41:597][  0]LogWindows:    5. 'NVIDIA GeForce GTX 1060' (P:0 D:0)
[2017.11.26-23.22.41:597][  0]LogWindows:    6. 'NVIDIA GeForce GTX 1060' (P:0 D:0)
[2017.11.26-23.22.41:597][  0]LogWindows: DebugString: GetVideoDriverDetailsInvalid PrimaryIsNotTheChoosenAdapter GetVideoDriverDetailsInvalid PrimaryIsNotTheChoosenAdapter GetVideoDriverDetailsInvalid PrimaryIsNotTheChoosenAdapter GetVideoDriverDetailsInvalid PrimaryIsNotTheChoosenAdapter GetVideoDriverDetailsInvalid PrimaryIsNotTheChoosenAdapter GetVideoDriverDetailsInvalid PrimaryIsNotTheChoosenAdapter GetVideoDriverDetailsInvalid PrimaryIsNotTheChoosenAdapter FoundDriverCount:0 
[2017.11.26-23.22.41:597][  0]LogD3D11RHI:     Adapter Name: NVIDIA GeForce GTX 1060
[2017.11.26-23.22.41:597][  0]LogD3D11RHI:   Driver Version: Unknown (internal:Unknown, unified:Unknown)
[2017.11.26-23.22.41:597][  0]LogD3D11RHI:      Driver Date: Unknown
[2017.11.26-23.22.41:598][  0]LogRHI: Texture pool is 1361 MB (70% of 1945 MB)
[2017.11.26-23.22.41:675][  0]LogD3D11RHI: Async texture creation enabled
[2017.11.26-23.22.41:819][  0]LogD3D11RHI: GPU Timing Frequency: 1000.000000 (Debug: 2 1)
[2017.11.26-23.22.41:892][  0]LogShaderCompilers: Guid format shader working directory is 16 characters bigger than the processId version (D:/UnrealProjects/HelloUnreal/Intermediate/Shaders/WorkingDirectory/19716/).
[2017.11.26-23.22.41:893][  0]LogShaderCompilers: Cleaned the shader compiler working directory 'C:/Users/Owner/AppData/Local/Temp/UnrealShaderWorkingDir/12CE1B1E411153624D9595B4026DE650/'.
[2017.11.26-23.22.41:894][  0]LogShaderCompilers:Display: Using Local Shader Compiler.
[2017.11.26-23.22.45:763][  0]LogTemp:Display: Loaded TP AllDesktopTargetPlatform
[2017.11.26-23.22.45:949][  0]LogTemp:Display: Loaded TP MacClientTargetPlatform
[2017.11.26-23.22.46:130][  0]LogTemp:Display: Loaded TP MacNoEditorTargetPlatform
[2017.11.26-23.22.46:326][  0]LogTemp:Display: Loaded TP MacServerTargetPlatform
[2017.11.26-23.22.46:541][  0]LogTemp:Display: Loaded TP MacTargetPlatform
[2017.11.26-23.22.46:754][  0]LogTemp:Display: Loaded TP WindowsClientTargetPlatform
[2017.11.26-23.22.46:926][  0]LogTemp:Display: Loaded TP WindowsNoEditorTargetPlatform
[2017.11.26-23.22.47:109][  0]LogTemp:Display: Loaded TP WindowsServerTargetPlatform
[2017.11.26-23.22.47:258][  0]LogTemp:Display: Loaded TP WindowsTargetPlatform
[2017.11.26-23.22.47:419][  0]LogTemp:Display: Loaded TP AndroidTargetPlatform
[2017.11.26-23.22.47:594][  0]LogTemp:Display: Loaded TP Android_ASTCTargetPlatform
[2017.11.26-23.22.47:752][  0]LogTemp:Display: Loaded TP Android_ATCTargetPlatform
[2017.11.26-23.22.47:906][  0]LogTemp:Display: Loaded TP Android_DXTTargetPlatform
[2017.11.26-23.22.48:058][  0]LogTemp:Display: Loaded TP Android_ETC1TargetPlatform
[2017.11.26-23.22.48:213][  0]LogTemp:Display: Loaded TP Android_ETC2TargetPlatform
[2017.11.26-23.22.48:523][  0]LogTemp:Display: Loaded TP Android_MultiTargetPlatform
[2017.11.26-23.22.48:523][  0]LogTemp:Display: Loaded TP Android_PVRTCTargetPlatform
[2017.11.26-23.22.48:647][  0]LogTemp:Display: Loaded TP HTML5TargetPlatform
[2017.11.26-23.22.48:903][  0]LogTemp:Display: Loaded TP IOSTargetPlatform
[2017.11.26-23.22.48:997][  0]LogTemp:Display: Loaded TP TVOSTargetPlatform
[2017.11.26-23.22.49:152][  0]LogTemp:Display: Loaded TP LinuxClientTargetPlatform
[2017.11.26-23.22.49:334][  0]LogTemp:Display: Loaded TP LinuxNoEditorTargetPlatform
[2017.11.26-23.22.49:501][  0]LogTemp:Display: Loaded TP LinuxServerTargetPlatform
[2017.11.26-23.22.49:665][  0]LogTemp:Display: Loaded TP LinuxTargetPlatform
[2017.11.26-23.22.49:665][  0]LogTargetPlatformManager:Display: Building Assets For Windows
[2017.11.26-23.22.51:648][  0]LogDerivedDataCache:Display: Max Cache Size: 512 MB
[2017.11.26-23.22.52:488][  0]LogDerivedDataCache: Loaded boot cache 0.84s 90MB C:/Users/Owner/AppData/Local/UnrealEngine/4.16/DerivedDataCache/Boot.ddc.
[2017.11.26-23.22.52:488][  0]LogDerivedDataCache:Display: Loaded Boot cache: C:/Users/Owner/AppData/Local/UnrealEngine/4.16/DerivedDataCache/Boot.ddc
[2017.11.26-23.22.52:488][  0]LogDerivedDataCache: FDerivedDataBackendGraph:  Pak pak cache file D:/UnrealProjects/HelloUnreal/DerivedDataCache/DDC.ddp not found, will not use a pak cache.
[2017.11.26-23.22.52:488][  0]LogDerivedDataCache: Unable to find inner node Pak for hierarchical cache Hierarchy.
[2017.11.26-23.22.52:488][  0]LogDerivedDataCache: FDerivedDataBackendGraph:  CompressedPak pak cache file D:/UnrealProjects/HelloUnreal/DerivedDataCache/Compressed.ddp not found, will not use a pak cache.
[2017.11.26-23.22.52:488][  0]LogDerivedDataCache: Unable to find inner node CompressedPak for hierarchical cache Hierarchy.
[2017.11.26-23.22.52:550][  0]LogDerivedDataCache:Display: Pak cache opened for reading ../../../Engine/DerivedDataCache/Compressed.ddp.
[2017.11.26-23.22.52:566][  0]LogDerivedDataCache: Using Local data cache path C:/Users/Owner/AppData/Local/UnrealEngine/Common/DerivedDataCache: Writable
[2017.11.26-23.22.52:607][  0]LogMaterial: Verifying Global Shaders for PCD3D_SM5
[2017.11.26-23.22.52:621][  0]LogSlate: Using Freetype 2.6.0
[2017.11.26-23.22.52:631][  0]LogSlate: SlateFontCache - WITH_FREETYPE: 1, WITH_HARFBUZZ: 1
[2017.11.26-23.22.52:631][  0]LogSlate: SlateFontCache - WITH_FREETYPE: 1, WITH_HARFBUZZ: 1
[2017.11.26-23.22.54:880][  0]LogInit: Selected Device Profile: [Windows]
[2017.11.26-23.22.55:288][  0]LogContentStreaming: Texture pool size is 0.00 MB
[2017.11.26-23.22.55:941][  0]LogMeshUtilities: Using QuadricMeshReduction for automatic static mesh reduction
[2017.11.26-23.22.56:128][  0]LogSimplygon: Simplygon DLL not present - disabling.
[2017.11.26-23.22.56:309][  0]LogMeshUtilities: Using SimplygonSwarm for distributed automatic mesh merging
[2017.11.26-23.22.56:309][  0]LogMeshUtilities: No automatic skeletal mesh reduction module available
[2017.11.26-23.22.56:309][  0]LogMeshUtilities: No automatic mesh merging module available
[2017.11.26-23.22.58:913][  0]LogNetVersion: HelloUnreal , NetCL: 3452394, EngineNetVer: 2, GameNetVer: 0 (Checksum: 1759218619)
[2017.11.26-23.22.59:120][  0]LogAssetRegistry: FAssetRegistry took 0.0419 seconds to start up
[2017.11.26-23.22.59:288][  0]LogPackageLocalizationCache: Processed 4 localized package path(s) for 2 prioritized culture(s) in 0.081244 seconds
[2017.11.26-23.22.59:305][  0]LogUObjectArray: 34194 objects as part of root set at end of initial load.
[2017.11.26-23.22.59:305][  0]LogUObjectAllocator: 7260416 out of 0 bytes used by permanent object pool.
[2017.11.26-23.22.59:305][  0]LogUObjectArray: CloseDisregardForGC: 0/0 objects in disregard for GC pool
[2017.11.26-23.22.59:579][  0]LogInit: WinSock: version 1.1 (2.2), MaxSocks=32767, MaxUdp=65467
[2017.11.26-23.23.11:108][  0]LogTcpMessaging: Initializing TcpMessaging bridge
[2017.11.26-23.23.11:251][  0]LogUdpMessaging: Initializing bridge on interface 0.0.0.0:0 to multicast group 230.0.0.1:6666.
[2017.11.26-23.23.13:420][  0]LogMaterial: Uniform references updated for custom material expression Custom.
[2017.11.26-23.23.14:878][  0]SourceControl: Info Source control is disabled
[2017.11.26-23.23.15:179][  0]SourceControl: Info Source control is disabled
[2017.11.26-23.23.15:386][  0]SourceControl: Info Source control is disabled
[2017.11.26-23.23.15:573][  0]SourceControl: Info Source control is disabled
[2017.11.26-23.23.18:049][  0]LogAndroidPermission: UAndroidPermissionCallbackProxy::GetInstance
[2017.11.26-23.23.19:964][  0]LogEngine: Initializing Engine...
[2017.11.26-23.23.19:972][  0]LogHMD: Failed to initialize OpenVR with code 110
[2017.11.26-23.23.20:527][  0]LogStats: UGameplayTagsManager::ConstructGameplayTagTree: Construct from data asset -  0.000 s
[2017.11.26-23.23.20:530][  0]LogStats: UGameplayTagsManager::ConstructGameplayTagTree: GameplayTagTreeChangedEvent.Broadcast -  0.001 s
[2017.11.26-23.23.21:095][  0]LogAIModule: Creating AISystem for world Untitled
[2017.11.26-23.23.21:182][  0]LogInit: XAudio2 using 'Speakers / Headphones (Realtek Audio)' : 6 channels at 48 kHz using 32 bits per sample (channel mask 0x3f)
[2017.11.26-23.23.21:845][  0]LogInit: FAudioDevice initialized.
[2017.11.26-23.23.21:952][  0]LogDerivedDataCache: Saved boot cache 0.11s 90MB C:/Users/Owner/AppData/Local/UnrealEngine/4.16/DerivedDataCache/Boot.ddc.
[2017.11.26-23.23.21:980][  0]LogInit: Texture streaming: Enabled
[2017.11.26-23.23.22:366][  0]LogEngineSessionManager: EngineSessionManager initialized
[2017.11.26-23.23.22:366][  0]LogEngineSessionManager: EngineSessionManager sent abnormal shutdown report. Type=Crashed, SessionId={D177526D-4374-2DAC-E13C-B6BED4A80DF8}
[2017.11.26-23.23.23:267][  0]LogWindowsTextInputMethodSystem:Display: IME system now deactivated.
[2017.11.26-23.23.23:421][  0]LogInit: Transaction tracking system initialized
[2017.11.26-23.23.25:105][  0]BlueprintLog: New page: Editor Load
[2017.11.26-23.23.29:991][  0]LocalizationService: Info Localization service is disabled
[2017.11.26-23.23.33:047][  0]LogConsoleResponse:Display: 
[2017.11.26-23.23.33:623][  0]LogFileCache: Scanning file cache for directory 'D:/UnrealProjects/HelloUnreal/Content/' took 0.01s
[2017.11.26-23.23.33:623][  0]LogCook:Display: Max memory allowance for cook 16384mb min free memory 0mb
[2017.11.26-23.23.33:624][  0]LogCook:Display: Mobile HDR setting 1
[2017.11.26-23.23.38:032][  0]SourceControl: Info Source control is disabled
[2017.11.26-23.23.38:036][  0]Cmd: MAP LOAD FILE="../../../Engine/Content/Maps/Templates/Template_Default.umap" TEMPLATE=1 SHOWPROGRESS=1 FEATURELEVEL=3
[2017.11.26-23.23.38:040][  0]LightingResults: New page: Lighting Build
[2017.11.26-23.23.38:273][  0]MapCheck: New page: Map Check
[2017.11.26-23.23.38:273][  0]LightingResults: New page: Lighting Build
[2017.11.26-23.23.39:267][  0]LogAIModule: Creating AISystem for world Untitled_1
[2017.11.26-23.23.39:270][  0]LogActorComponent: RegisterComponentWithWorld: (/Temp/Untitled_1.Untitled_1:PersistentLevel.WorldSettings_1.StaticMeshComponent0) Trying to register component with IsPendingKill() == true. Aborting.
[2017.11.26-23.23.39:337][  0]LogEditorServer: Finished looking for orphan Actors (0.000 secs)
[2017.11.26-23.23.39:394][  0]Cmd: MAP CHECKDEP NOCLEARLOG
[2017.11.26-23.23.39:532][  0]MapCheck: Info Map check complete: 0 Error(s), 0 Warning(s), took 135.394ms to complete.
[2017.11.26-23.23.39:532][  0]LogFileHelpers: Loading map 'Template_Default' took 1.498
[2017.11.26-23.23.40:103][  0]LogCollectionManager: Loaded 0 collections in 0.005114 seconds
[2017.11.26-23.23.40:349][  0]LogFileCache: Scanning file cache for directory 'D:/UnrealProjects/HelloUnreal/Saved/Collections/' took 0.01s
[2017.11.26-23.23.40:349][  0]LogFileCache: Scanning file cache for directory 'D:/UnrealProjects/HelloUnreal/Content/Developers/Owner/Collections/' took 0.01s
[2017.11.26-23.23.40:349][  0]LogFileCache: Scanning file cache for directory 'D:/UnrealProjects/HelloUnreal/Content/Collections/' took 0.01s
[2017.11.26-23.23.40:349][  0]LogCollectionManager: Rebuilt the GUID cache for 0 collections in 0.000006 seconds
[2017.11.26-23.23.40:387][  0]LogContentBrowser: Native class hierarchy populated in 0.0327 seconds. Added 2330 classes and 493 folders.
[2017.11.26-23.23.40:660][  0]LogContentBrowser: Native class hierarchy updated for 'WidgetCarousel' in 0.0031 seconds. Added 0 classes and 0 folders.
[2017.11.26-23.23.41:238][  0]LogContentBrowser: Native class hierarchy updated for 'AddContentDialog' in 0.0033 seconds. Added 0 classes and 0 folders.
[2017.11.26-23.23.41:431][  0]LogContentBrowser: Native class hierarchy updated for 'SceneOutliner' in 0.0036 seconds. Added 1 classes and 2 folders.
[2017.11.26-23.23.41:675][  0]LogCrashTracker: Crashtracker disabled due to settings.
[2017.11.26-23.23.41:721][  0]LogSlate: Took 0.002981 seconds to synchronously load lazily loaded font '../../../Engine/Content/Slate/Fonts/Roboto-Regular.ttf' (155K)
[2017.11.26-23.23.41:731][  0]LogSlate: Took 0.002353 seconds to synchronously load lazily loaded font '../../../Engine/Content/Slate/Fonts/Roboto-Bold.ttf' (160K)
[2017.11.26-23.23.41:765][  0]LogSlate: Took 0.007075 seconds to synchronously load lazily loaded font '../../../Engine/Content/Editor/Slate/Fonts/FontAwesome.ttf' (139K)
[2017.11.26-23.23.42:124][  0]LogRenderer: Reallocating scene render targets to support 824x436 NumSamples 1 (Frame:1).
[2017.11.26-23.23.42:597][  0]LogUObjectGlobals:Warning: Failed to find object 'Class None.'
[2017.11.26-23.23.42:787][  0]LogContentBrowser: Native class hierarchy updated for 'HierarchicalLODOutliner' in 0.0029 seconds. Added 1 classes and 2 folders.
[2017.11.26-23.23.42:787][  0]LogLoad: (Engine Initialization) Total time: 230.33 seconds
[2017.11.26-23.23.42:787][  0]LogLoad: (Engine Initialization) Total Blueprint compile time: 0.43 seconds
[2017.11.26-23.23.42:788][  0]LogExternalProfiler: No external profilers were discovered.  External profiling features will not be available.
[2017.11.26-23.23.42:802][  0]LogOcInput: OculusInput pre-init called
[2017.11.26-23.23.42:803][  0]LogHMD: Starting GearVRController plugin
[2017.11.26-23.23.42:853][  0]LogContentStreaming: Texture pool size now 1000 MB
[2017.11.26-23.23.43:025][  2]LogAssetRegistry: Asset discovery search completed in 43.9291 seconds
[2017.11.26-23.23.43:030][  2]LogCollectionManager: Rebuilt the object cache for 0 collections in 0.000001 seconds (found 0 objects)
[2017.11.26-23.23.43:030][  2]LogCollectionManager: Fixed up redirectors for 0 collections in 0.000102 seconds (updated 0 objects)
[2017.11.26-23.28.58:462][763]LogRenderer: Reallocating scene render targets to support 832x436 NumSamples 1 (Frame:554).
[2017.11.26-23.28.58:533][764]LogRenderer: Reallocating scene render targets to support 848x436 NumSamples 1 (Frame:556).
[2017.11.26-23.28.58:617][765]LogRenderer: Reallocating scene render targets to support 864x436 NumSamples 1 (Frame:558).
[2017.11.26-23.28.58:683][766]LogRenderer: Reallocating scene render targets to support 872x436 NumSamples 1 (Frame:560).
[2017.11.26-23.28.58:748][767]LogRenderer: Reallocating scene render targets to support 880x436 NumSamples 1 (Frame:562).
[2017.11.26-23.28.58:810][768]LogRenderer: Reallocating scene render targets to support 884x436 NumSamples 1 (Frame:564).
[2017.11.26-23.29.15:471][908]LogActorFactory: Actor Factory created Cube
[2017.11.26-23.29.16:119][942]LogActorFactory: Actor Factory created Cube
[2017.11.26-23.29.33:567][153]LogSlate: Took 0.002791 seconds to synchronously load lazily loaded font '../../../Engine/Content/Slate/Fonts/Roboto-Light.ttf' (159K)
[2017.11.26-23.29.34:501][153]Cmd: OBJ SAVEPACKAGE PACKAGE="/Game/level_01" FILE="D:/UnrealProjects/HelloUnreal/Content/level_01.umap" SILENT=true AUTOSAVING=false KEEPDIRTY=false
[2017.11.26-23.29.34:641][153]LogSavePackage: Save=106.35ms
[2017.11.26-23.29.34:641][153]LogSavePackage: Moving 'D:/UnrealProjects/HelloUnreal/Saved/level_01E11436F7468C4E1E14C54B8D794C2EB7.tmp' to 'D:/UnrealProjects/HelloUnreal/Content/level_01.umap'
[2017.11.26-23.29.34:648][153]LogSavePackage:Display: Finished SavePackage D:/UnrealProjects/HelloUnreal/Content/level_01.umap
[2017.11.26-23.29.34:700][153]LogFileHelpers: Saving map 'level_01' took 1.350
[2017.11.26-23.29.34:774][156]LogSlate: Took 0.000472 seconds to synchronously load lazily loaded font '../../../Engine/Content/Slate/Fonts/Roboto-Light.ttf' (159K)
[2017.11.26-23.29.54:264][962]LogSlate: Only BGRA pngs, bmps or icos are supported in by External Image Picker
[2017.11.26-23.29.54:584][971]LogTemp: Executing iPhonePackager certificates Engine -bundlename com.YourCompany.HelloUnreal
[2017.11.26-23.29.54:584][971]LogTemp: CWD: C:\Program Files\Epic Games\UE_4.16\Engine\Binaries\DotNET\IOS
[2017.11.26-23.29.54:584][971]LogTemp: Initial Dir: C:\Program Files\Epic Games\UE_4.16
[2017.11.26-23.29.54:584][971]LogTemp: Env CWD: C:\Program Files\Epic Games\UE_4.16\Engine\Binaries\DotNET\IOS
[2017.11.26-23.29.54:606][972]LogTemp: BranchPath = LAPTOP-LPKATON/C/Program Files/Epic Games/UE_4.16/Engine/Binaries --- GameBranchPath = LAPTOP-LPKATON/C/Program Files/Epic Games/UE_4.16/Engine/Binaries
[2017.11.26-23.29.54:648][974]LogTemp: IPP ERROR: Could not find provision directory 'C:\Users\Owner\AppData\Local/Apple Computer/MobileDevice/Provisioning Profiles/'.
[2017.11.26-23.30.29:688][744]LogSlate: Took 0.006642 seconds to synchronously load lazily loaded font '../../../Engine/Content/Editor/Slate/Fonts/Roboto-Italic.ttf' (157K)
[2017.11.26-23.31.11:611][352]LogSlate: Only BGRA pngs, bmps or icos are supported in by External Image Picker
[2017.11.26-23.31.12:056][362]LogTemp: Executing iPhonePackager certificates Engine -bundlename com.YourCompany.HelloUnreal
[2017.11.26-23.31.12:056][362]LogTemp: CWD: C:\Program Files\Epic Games\UE_4.16\Engine\Binaries\DotNET\IOS
[2017.11.26-23.31.12:056][362]LogTemp: Initial Dir: C:\Program Files\Epic Games\UE_4.16
[2017.11.26-23.31.12:056][362]LogTemp: Env CWD: C:\Program Files\Epic Games\UE_4.16\Engine\Binaries\DotNET\IOS
[2017.11.26-23.31.12:103][363]LogTemp: BranchPath = LAPTOP-LPKATON/C/Program Files/Epic Games/UE_4.16/Engine/Binaries --- GameBranchPath = LAPTOP-LPKATON/C/Program Files/Epic Games/UE_4.16/Engine/Binaries
[2017.11.26-23.31.12:103][363]LogTemp: IPP ERROR: Could not find provision directory 'C:\Users\Owner\AppData\Local/Apple Computer/MobileDevice/Provisioning Profiles/'.
[2017.11.26-23.31.25:358][943]LogSlate: Took 0.000546 seconds to synchronously load lazily loaded font '../../../Engine/Content/Slate/Fonts/Roboto-Light.ttf' (159K)
[2017.11.26-23.31.33:382][268]Cmd: QUIT_EDITOR
[2017.11.26-23.31.33:453][268]LogWindowsTextInputMethodSystem:Display: IME system now deactivated.
[2017.11.26-23.31.33:492][268]LogExit: Preparing to exit.
[2017.11.26-23.31.34:724][268]LogExit: Editor shut down
[2017.11.26-23.31.34:729][268]LogExit: Transaction tracking system shut down
[2017.11.26-23.31.35:068][268]LogObj: Freed 0b from 0 cluster array pools.
[2017.11.26-23.31.35:068][268]LogExit: Object subsystem successfully closed.
[2017.11.26-23.31.35:155][268]LogD3D11RHI: Shutdown
[2017.11.26-23.31.35:155][268]LogD3D11RHI: CleanupD3DDevice
[2017.11.26-23.31.35:389][268]LogD3D11RHI: ~FD3D11DynamicRHI
[2017.11.26-23.31.35:494][268]LogModuleManager: Shutting down and abandoning module ExternalImagePicker (528)
[2017.11.26-23.31.35:495][268]LogModuleManager: Shutting down and abandoning module HierarchicalLODOutliner (526)
[2017.11.26-23.31.35:495][268]LogModuleManager: Shutting down and abandoning module CrashTracker (524)
[2017.11.26-23.31.35:495][268]LogModuleManager: Shutting down and abandoning module SceneOutliner (522)
[2017.11.26-23.31.35:496][268]LogModuleManager: Shutting down and abandoning module AddContentDialog (520)
[2017.11.26-23.31.35:497][268]LogDirectoryWatcher: A directory notification for 'C:/Program Files/Epic Games/UE_4.16/FeaturePacks/' was aborted.
[2017.11.26-23.31.35:502][268]LogModuleManager: Shutting down and abandoning module WidgetCarousel (519)
[2017.11.26-23.31.35:502][268]LogModuleManager: Shutting down and abandoning module EditorWidgets (516)
[2017.11.26-23.31.35:502][268]LogModuleManager: Shutting down and abandoning module CollectionManager (514)
[2017.11.26-23.31.35:502][268]LogDirectoryWatcher: A directory notification for 'D:/UnrealProjects/HelloUnreal/Content/Collections/' was aborted.
[2017.11.26-23.31.35:503][268]LogDirectoryWatcher: A directory notification for 'D:/UnrealProjects/HelloUnreal/Content/Developers/Owner/Collections/' was aborted.
[2017.11.26-23.31.35:503][268]LogDirectoryWatcher: A directory notification for 'D:/UnrealProjects/HelloUnreal/Saved/Collections/' was aborted.
[2017.11.26-23.31.35:503][268]LogModuleManager: Shutting down and abandoning module StatsViewer (512)
[2017.11.26-23.31.35:503][268]LogModuleManager: Shutting down and abandoning module FoliageEdit (510)
[2017.11.26-23.31.35:503][268]LogModuleManager: Shutting down and abandoning module LandscapeEditor (508)
[2017.11.26-23.31.35:506][268]LogModuleManager: Shutting down and abandoning module MeshPaintMode (506)
[2017.11.26-23.31.35:506][268]LogModuleManager: Shutting down and abandoning module SceneDepthPickerMode (504)
[2017.11.26-23.31.35:506][268]LogModuleManager: Shutting down and abandoning module ActorPickerMode (502)
[2017.11.26-23.31.35:506][268]LogModuleManager: Shutting down and abandoning module GeometryMode (500)
[2017.11.26-23.31.35:506][268]LogModuleManager: Shutting down and abandoning module TextureAlignMode (498)
[2017.11.26-23.31.35:506][268]LogModuleManager: Shutting down and abandoning module BspMode (496)
[2017.11.26-23.31.35:507][268]LogModuleManager: Shutting down and abandoning module HardwareSurvey (494)
[2017.11.26-23.31.35:508][268]LogModuleManager: Shutting down and abandoning module SequenceRecorderSections (492)
[2017.11.26-23.31.35:508][268]LogModuleManager: Shutting down and abandoning module AutomationWorker (490)
[2017.11.26-23.31.35:509][268]LogModuleManager: Shutting down and abandoning module MatineeToLevelSequence (488)
[2017.11.26-23.31.35:509][268]LogModuleManager: Shutting down and abandoning module LevelSequenceEditor (486)
[2017.11.26-23.31.35:514][268]LogModuleManager: Shutting down and abandoning module PlacementMode (485)
[2017.11.26-23.31.35:515][268]LogModuleManager: Shutting down and abandoning module WmfMediaFactory (482)
[2017.11.26-23.31.35:515][268]LogModuleManager: Shutting down and abandoning module WmfMediaEditor (480)
[2017.11.26-23.31.35:515][268]LogModuleManager: Shutting down and abandoning module AvfMediaFactory (478)
[2017.11.26-23.31.35:515][268]LogModuleManager: Shutting down and abandoning module AvfMediaEditor (476)
[2017.11.26-23.31.35:515][268]LogModuleManager: Shutting down and abandoning module AndroidMediaFactory (474)
[2017.11.26-23.31.35:515][268]LogModuleManager: Shutting down and abandoning module Media (473)
[2017.11.26-23.31.35:515][268]LogModuleManager: Shutting down and abandoning module AndroidMediaEditor (470)
[2017.11.26-23.31.35:515][268]LogModuleManager: Shutting down and abandoning module CharacterAI (468)
[2017.11.26-23.31.35:515][268]LogModuleManager: Shutting down and abandoning module AudioCapture (466)
[2017.11.26-23.31.35:516][268]LogModuleManager: Shutting down and abandoning module SequenceRecorder (465)
[2017.11.26-23.31.35:518][268]LogModuleManager: Shutting down and abandoning module SmartSnapping (462)
[2017.11.26-23.31.35:518][268]LogModuleManager: Shutting down and abandoning module SessionServices (460)
[2017.11.26-23.31.35:518][268]LogModuleManager: Shutting down and abandoning module ViewportSnapping (458)
[2017.11.26-23.31.35:518][268]LogModuleManager: Shutting down and abandoning module ViewportInteraction (456)
[2017.11.26-23.31.35:518][268]LogModuleManager: Shutting down and abandoning module ClothPainter (454)
[2017.11.26-23.31.35:521][268]LogModuleManager: Shutting down and abandoning module LogVisualizer (452)
[2017.11.26-23.31.35:523][268]LogModuleManager: Shutting down and abandoning module IntroTutorials (450)
[2017.11.26-23.31.35:526][268]LogModuleManager: Shutting down and abandoning module GameProjectGeneration (449)
[2017.11.26-23.31.35:528][268]LogModuleManager: Shutting down and abandoning module EditorLiveStreaming (446)
[2017.11.26-23.31.35:528][268]LogModuleManager: Shutting down and abandoning module IOSPlatformEditor (444)
[2017.11.26-23.31.35:528][268]LogModuleManager: Shutting down and abandoning module HTML5PlatformEditor (442)
[2017.11.26-23.31.35:528][268]LogModuleManager: Shutting down and abandoning module AndroidPlatformEditor (440)
[2017.11.26-23.31.35:528][268]LogModuleManager: Shutting down and abandoning module AndroidDeviceDetection (439)
[2017.11.26-23.31.35:568][268]LogModuleManager: Shutting down and abandoning module IOSRuntimeSettings (436)
[2017.11.26-23.31.35:568][268]LogModuleManager: Shutting down and abandoning module AndroidRuntimeSettings (434)
[2017.11.26-23.31.35:568][268]LogModuleManager: Shutting down and abandoning module InputBindingEditor (432)
[2017.11.26-23.31.35:568][268]LogModuleManager: Shutting down and abandoning module MergeActors (430)
[2017.11.26-23.31.35:569][268]LogModuleManager: Shutting down and abandoning module SizeMap (428)
[2017.11.26-23.31.35:569][268]LogModuleManager: Shutting down and abandoning module TreeMap (426)
[2017.11.26-23.31.35:570][268]LogModuleManager: Shutting down and abandoning module ReferenceViewer (424)
[2017.11.26-23.31.35:571][268]LogModuleManager: Shutting down and abandoning module LocalizationDashboard (422)
[2017.11.26-23.31.35:572][268]LogModuleManager: Shutting down and abandoning module LocalizationService (421)
[2017.11.26-23.31.35:573][268]LogModuleManager: Shutting down and abandoning module HardwareTargeting (418)
[2017.11.26-23.31.35:573][268]LogModuleManager: Shutting down and abandoning module DeviceProfileEditor (416)
[2017.11.26-23.31.35:574][268]LogModuleManager: Shutting down and abandoning module UndoHistory (414)
[2017.11.26-23.31.35:574][268]LogModuleManager: Shutting down and abandoning module UserFeedback (412)
[2017.11.26-23.31.35:574][268]LogModuleManager: Shutting down and abandoning module XmlParser (410)
[2017.11.26-23.31.35:575][268]LogModuleManager: Shutting down and abandoning module Blutility (408)
[2017.11.26-23.31.35:575][268]LogModuleManager: Shutting down and abandoning module ProjectSettingsViewer (406)
[2017.11.26-23.31.35:575][268]LogModuleManager: Shutting down and abandoning module ProjectTargetPlatformEditor (405)
[2017.11.26-23.31.35:576][268]LogModuleManager: Shutting down and abandoning module EditorSettingsViewer (402)
[2017.11.26-23.31.35:576][268]LogModuleManager: Shutting down and abandoning module SettingsEditor (400)
[2017.11.26-23.31.35:576][268]LogModuleManager: Shutting down and abandoning module ProjectLauncher (398)
[2017.11.26-23.31.35:577][268]LogModuleManager: Shutting down and abandoning module SessionFrontend (396)
[2017.11.26-23.31.35:578][268]LogModuleManager: Shutting down and abandoning module ProfilerClient (394)
[2017.11.26-23.31.35:579][268]LogModuleManager: Shutting down and abandoning module DeviceManager (392)
[2017.11.26-23.31.35:580][268]LogModuleManager: Shutting down and abandoning module TargetDeviceServices (391)
[2017.11.26-23.31.35:633][268]LogModuleManager: Shutting down and abandoning module AutomationController (388)
[2017.11.26-23.31.35:634][268]LogModuleManager: Shutting down and abandoning module AutomationWindow (386)
[2017.11.26-23.31.35:635][268]LogModuleManager: Shutting down and abandoning module Layers (384)
[2017.11.26-23.31.35:639][268]LogModuleManager: Shutting down and abandoning module ComponentVisualizers (382)
[2017.11.26-23.31.35:639][268]LogModuleManager: Shutting down and abandoning module DetailCustomizations (380)
[2017.11.26-23.31.35:640][268]LogModuleManager: Shutting down and abandoning module PackagesDialog (378)
[2017.11.26-23.31.35:641][268]LogModuleManager: Shutting down and abandoning module Persona (376)
[2017.11.26-23.31.35:643][268]LogModuleManager: Shutting down and abandoning module AdvancedPreviewScene (375)
[2017.11.26-23.31.35:643][268]LogModuleManager: Shutting down and abandoning module AnimGraph (373)
[2017.11.26-23.31.35:643][268]LogModuleManager: Shutting down and abandoning module Kismet (370)
[2017.11.26-23.31.35:646][268]LogModuleManager: Shutting down and abandoning module ClassViewer (368)
[2017.11.26-23.31.35:646][268]LogModuleManager: Shutting down and abandoning module Toolbox (366)
[2017.11.26-23.31.35:648][268]LogModuleManager: Shutting down and abandoning module ModuleUI (364)
[2017.11.26-23.31.35:649][268]LogModuleManager: Shutting down and abandoning module MovieSceneTools (362)
[2017.11.26-23.31.35:651][268]LogModuleManager: Shutting down and abandoning module OutputLog (360)
[2017.11.26-23.31.35:652][268]LogModuleManager: Shutting down and abandoning module GammaUI (358)
[2017.11.26-23.31.35:653][268]LogModuleManager: Shutting down and abandoning module Documentation (356)
[2017.11.26-23.31.35:653][268]LogModuleManager: Shutting down and abandoning module MovieSceneTracks (354)
[2017.11.26-23.31.35:653][268]LogModuleManager: Shutting down and abandoning module MovieScene (352)
[2017.11.26-23.31.35:653][268]LogModuleManager: Shutting down and abandoning module Niagara (350)
[2017.11.26-23.31.35:654][268]LogModuleManager: Shutting down and abandoning module NiagaraEditor (349)
[2017.11.26-23.31.35:660][268]LogModuleManager: Shutting down and abandoning module StreamingPauseRendering (346)
[2017.11.26-23.31.35:661][268]LogModuleManager: Shutting down and abandoning module AnalyticsET (344)
[2017.11.26-23.31.35:661][268]LogModuleManager: Shutting down and abandoning module PortalServices (342)
[2017.11.26-23.31.35:661][268]LogModuleManager: Shutting down and abandoning module PortalRpc (340)
[2017.11.26-23.31.35:661][268]LogModuleManager: Shutting down and abandoning module MessagingRpc (338)
[2017.11.26-23.31.35:661][268]LogModuleManager: Shutting down and abandoning module AIModule (336)
[2017.11.26-23.31.35:661][268]LogModuleManager: Shutting down and abandoning module GameplayDebugger (335)
[2017.11.26-23.31.35:662][268]LogModuleManager: Shutting down and abandoning module AITestSuite (333)
[2017.11.26-23.31.35:662][268]LogModuleManager: Shutting down and abandoning module ProfilerService (330)
[2017.11.26-23.31.35:752][268]LogModuleManager: Shutting down and abandoning module TaskGraph (328)
[2017.11.26-23.31.35:756][268]LogModuleManager: Shutting down and abandoning module SteamVRController (326)
[2017.11.26-23.31.35:756][268]LogModuleManager: Shutting down and abandoning module SteamVR (324)
[2017.11.26-23.31.35:756][268]LogModuleManager: Shutting down and abandoning module ProceduralMeshComponentEditor (322)
[2017.11.26-23.31.35:757][268]LogModuleManager: Shutting down and abandoning module ProceduralMeshComponent (320)
[2017.11.26-23.31.35:758][268]LogModuleManager: Shutting down and abandoning module OculusLibrary (318)
[2017.11.26-23.31.35:758][268]LogModuleManager: Shutting down and abandoning module OculusInput (316)
[2017.11.26-23.31.35:758][268]LogModuleManager: Shutting down and abandoning module MobilePatchingUtils (314)
[2017.11.26-23.31.35:758][268]LogModuleManager: Shutting down and abandoning module CustomMeshComponent (312)
[2017.11.26-23.31.35:758][268]LogModuleManager: Shutting down and abandoning module CableComponent (310)
[2017.11.26-23.31.35:759][268]LogModuleManager: Shutting down and abandoning module ArchVisCharacter (308)
[2017.11.26-23.31.35:759][268]LogModuleManager: Shutting down and abandoning module AndroidPermission (306)
[2017.11.26-23.31.35:759][268]LogModuleManager: Shutting down and abandoning module MediaPlayerEditor (302)
[2017.11.26-23.31.35:762][268]LogModuleManager: Shutting down and abandoning module HTML5Networking (300)
[2017.11.26-23.31.35:762][268]LogModuleManager: Shutting down and abandoning module AlembicImporter (298)
[2017.11.26-23.31.35:762][268]LogModuleManager: Shutting down and abandoning module AlembicLibrary (297)
[2017.11.26-23.31.35:762][268]LogModuleManager: Shutting down and abandoning module GeometryCache (296)
[2017.11.26-23.31.35:763][268]LogModuleManager: Shutting down and abandoning module GeometryCacheEd (295)
[2017.11.26-23.31.35:763][268]LogModuleManager: Shutting down and abandoning module SuperSearchEditor (290)
[2017.11.26-23.31.35:763][268]LogModuleManager: Shutting down and abandoning module SuperSearch (289)
[2017.11.26-23.31.35:763][268]LogModuleManager: Shutting down and abandoning module SpeedTreeImporter (286)
[2017.11.26-23.31.35:763][268]LogModuleManager: Shutting down and abandoning module PluginBrowser (284)
[2017.11.26-23.31.35:765][268]LogModuleManager: Shutting down and abandoning module MobileLauncherProfileWizard (282)
[2017.11.26-23.31.35:767][268]LogModuleManager: Shutting down and abandoning module VisualStudioSourceCodeAccess (280)
[2017.11.26-23.31.35:767][268]LogModuleManager: Shutting down and abandoning module UObjectPlugin (278)
[2017.11.26-23.31.35:767][268]LogModuleManager: Shutting down and abandoning module SubversionSourceControl (276)
[2017.11.26-23.31.35:768][268]LogModuleManager: Shutting down and abandoning module PerforceSourceControl (274)
[2017.11.26-23.31.35:769][268]LogModuleManager: Shutting down and abandoning module GitSourceControl (272)
[2017.11.26-23.31.35:772][268]LogModuleManager: Shutting down and abandoning module SourceControl (271)
[2017.11.26-23.31.35:773][268]LogModuleManager: Shutting down and abandoning module LightPropagationVolumeEditor (268)
[2017.11.26-23.31.35:773][268]LogModuleManager: Shutting down and abandoning module PaperTiledImporter (266)
[2017.11.26-23.31.35:773][268]LogModuleManager: Shutting down and abandoning module PaperSpriteSheetImporter (264)
[2017.11.26-23.31.35:773][268]LogModuleManager: Shutting down and abandoning module Paper2DEditor (262)
[2017.11.26-23.31.35:776][268]LogModuleManager: Shutting down and abandoning module MeshPaint (261)
[2017.11.26-23.31.35:776][268]LogModuleManager: Shutting down and abandoning module LevelEditor (259)
[2017.11.26-23.31.35:779][268]LogModuleManager: Shutting down and abandoning module PixelInspectorModule (258)
[2017.11.26-23.31.35:780][268]LogModuleManager: Shutting down and abandoning module MainFrame (256)
[2017.11.26-23.31.35:781][268]LogModuleManager: Shutting down and abandoning module HotReload (255)
[2017.11.26-23.31.35:782][268]LogDirectoryWatcher: A directory notification for 'D:/UnrealProjects/HelloUnreal/Binaries/Win64' was aborted.
[2017.11.26-23.31.35:785][268]LogModuleManager: Shutting down and abandoning module HelloUnreal (250)
[2017.11.26-23.31.35:785][268]LogModuleManager: Shutting down and abandoning module PhysXVehiclesEditor (248)
[2017.11.26-23.31.35:785][268]LogModuleManager: Shutting down and abandoning module PhysXVehicles (246)
[2017.11.26-23.31.35:785][268]LogModuleManager: Shutting down and abandoning module LocationServicesBPLibrary (244)
[2017.11.26-23.31.35:785][268]LogModuleManager: Shutting down and abandoning module ImmediatePhysicsEditor (242)
[2017.11.26-23.31.35:785][268]LogModuleManager: Shutting down and abandoning module ImmediatePhysics (240)
[2017.11.26-23.31.35:786][268]LogModuleManager: Shutting down and abandoning module UdpMessaging (238)
[2017.11.26-23.31.35:887][268]LogModuleManager: Shutting down and abandoning module TcpMessaging (236)
[2017.11.26-23.31.35:990][268]LogModuleManager: Shutting down and abandoning module GameplayTagsEditor (234)
[2017.11.26-23.31.35:992][268]LogModuleManager: Shutting down and abandoning module FacialAnimationEditor (232)
[2017.11.26-23.31.35:993][268]LogModuleManager: Shutting down and abandoning module FacialAnimation (230)
[2017.11.26-23.31.35:993][268]LogModuleManager: Shutting down and abandoning module AssetManagerEditor (228)
[2017.11.26-23.31.35:995][268]LogModuleManager: Shutting down and abandoning module GraphEditor (227)
[2017.11.26-23.31.35:999][268]LogModuleManager: Shutting down and abandoning module ContentBrowser (225)
[2017.11.26-23.31.36:002][268]LogModuleManager: Shutting down and abandoning module LightPropagationVolumeRuntime (222)
[2017.11.26-23.31.36:002][268]LogModuleManager: Shutting down and abandoning module Paper2D (220)
[2017.11.26-23.31.36:002][268]LogModuleManager: Shutting down and abandoning module WindowsMoviePlayer (218)
[2017.11.26-23.31.36:002][268]LogModuleManager: Shutting down and abandoning module WmfMedia (216)
[2017.11.26-23.31.36:008][268]LogModuleManager: Shutting down and abandoning module ClothingSystemEditor (214)
[2017.11.26-23.31.36:009][268]LogModuleManager: Shutting down and abandoning module ClothingSystemRuntime (212)
[2017.11.26-23.31.36:010][268]LogModuleManager: Shutting down and abandoning module MediaAssets (210)
[2017.11.26-23.31.36:010][268]LogModuleManager: Shutting down and abandoning module GameLiveStreaming (208)
[2017.11.26-23.31.36:011][268]LogModuleManager: Shutting down and abandoning module VREditor (206)
[2017.11.26-23.31.36:012][268]LogModuleManager: Shutting down and abandoning module StringTableEditor (204)
[2017.11.26-23.31.36:014][268]LogModuleManager: Shutting down and abandoning module GameplayTasksEditor (202)
[2017.11.26-23.31.36:014][268]LogModuleManager: Shutting down and abandoning module BehaviorTreeEditor (200)
[2017.11.26-23.31.36:017][268]LogModuleManager: Shutting down and abandoning module FunctionalTesting (198)
[2017.11.26-23.31.36:017][268]LogModuleManager: Shutting down and abandoning module CollisionAnalyzer (196)
[2017.11.26-23.31.36:019][268]LogModuleManager: Shutting down and abandoning module UMG (194)
[2017.11.26-23.31.36:020][268]LogModuleManager: Shutting down and abandoning module UMGEditor (193)
[2017.11.26-23.31.36:023][268]LogModuleManager: Shutting down and abandoning module Sequencer (192)
[2017.11.26-23.31.36:025][268]LogModuleManager: Shutting down and abandoning module AssetTools (190)
[2017.11.26-23.31.36:031][268]LogModuleManager: Shutting down and abandoning module MessageLog (189)
[2017.11.26-23.31.36:031][268]LogModuleManager: Shutting down and abandoning module WorkspaceMenuStructure (188)
[2017.11.26-23.31.36:031][268]LogModuleManager: Shutting down and abandoning module SlateReflector (182)
[2017.11.26-23.31.36:035][268]LogModuleManager: Shutting down and abandoning module Slate (180)
[2017.11.26-23.31.36:035][268]LogModuleManager: Shutting down and abandoning module EditorStyle (178)
[2017.11.26-23.31.36:043][268]LogModuleManager: Shutting down and abandoning module SourceCodeAccess (176)
[2017.11.26-23.31.36:043][268]LogModuleManager: Shutting down and abandoning module HeadMountedDisplay (174)
[2017.11.26-23.31.36:043][268]LogModuleManager: Shutting down and abandoning module XAudio2 (172)
[2017.11.26-23.31.36:043][268]LogModuleManager: Shutting down and abandoning module Networking (170)
[2017.11.26-23.31.36:043][268]LogModuleManager: Shutting down and abandoning module Core (166)
[2017.11.26-23.31.36:043][268]LogModuleManager: Shutting down and abandoning module AssetRegistry (164)
[2017.11.26-23.31.36:194][268]LogDirectoryWatcher: A directory notification for '../../../Engine/Content/' was aborted.
[2017.11.26-23.31.36:195][268]LogDirectoryWatcher: A directory notification for 'D:/UnrealProjects/HelloUnreal/Content/' was aborted.
[2017.11.26-23.31.36:195][268]LogDirectoryWatcher: A directory notification for '../../../Engine/Plugins/2D/Paper2D/Content/' was aborted.
[2017.11.26-23.31.36:195][268]LogDirectoryWatcher: A directory notification for '../../../Engine/Plugins/Runtime/GearVR/Content/' was aborted.
[2017.11.26-23.31.36:204][268]LogModuleManager: Shutting down and abandoning module DirectoryWatcher (163)
[2017.11.26-23.31.36:206][268]LogModuleManager: Shutting down and abandoning module KismetCompiler (160)
[2017.11.26-23.31.36:206][268]LogModuleManager: Shutting down and abandoning module LevelSequence (158)
[2017.11.26-23.31.36:206][268]LogModuleManager: Shutting down and abandoning module PhysXFormats (156)
[2017.11.26-23.31.36:206][268]LogModuleManager: Shutting down and abandoning module MeshUtilities (154)
[2017.11.26-23.31.36:208][268]LogModuleManager: Shutting down and abandoning module SimplygonSwarm (153)
[2017.11.26-23.31.36:209][268]LogModuleManager: Shutting down and abandoning module SimplygonMeshReduction (151)
[2017.11.26-23.31.36:210][268]LogModuleManager: Shutting down and abandoning module QuadricMeshReduction (149)
[2017.11.26-23.31.36:210][268]LogModuleManager: Shutting down and abandoning module DerivedDataCache (146)
[2017.11.26-23.31.36:309][268]LogDerivedDataCache: Shutdown
[2017.11.26-23.31.36:332][268]LogModuleManager: Shutting down and abandoning module TargetPlatform (144)
[2017.11.26-23.31.36:332][268]LogModuleManager: Shutting down and abandoning module VulkanShaderFormat (143)
[2017.11.26-23.31.36:334][268]LogModuleManager: Shutting down and abandoning module ShaderFormatVectorVM (141)
[2017.11.26-23.31.36:335][268]LogModuleManager: Shutting down and abandoning module ShaderFormatOpenGL (139)
[2017.11.26-23.31.36:336][268]LogModuleManager: Shutting down and abandoning module ShaderFormatD3D (137)
[2017.11.26-23.31.36:336][268]LogModuleManager: Shutting down and abandoning module MetalShaderFormat (135)
[2017.11.26-23.31.36:337][268]LogModuleManager: Shutting down and abandoning module TextureFormatUncompressed (133)
[2017.11.26-23.31.36:337][268]LogModuleManager: Shutting down and abandoning module TextureFormatPVR (131)
[2017.11.26-23.31.36:337][268]LogModuleManager: Shutting down and abandoning module TextureFormatDXT (129)
[2017.11.26-23.31.36:337][268]LogModuleManager: Shutting down and abandoning module TextureFormatIntelISPCTexComp (127)
[2017.11.26-23.31.36:337][268]LogModuleManager: Shutting down and abandoning module TextureFormatASTC (125)
[2017.11.26-23.31.36:337][268]LogModuleManager: Shutting down and abandoning module ImageWrapper (124)
[2017.11.26-23.31.36:337][268]LogModuleManager: Shutting down and abandoning module TextureFormatAndroid (121)
[2017.11.26-23.31.36:337][268]LogModuleManager: Shutting down and abandoning module AudioFormatOpus (119)
[2017.11.26-23.31.36:337][268]LogModuleManager: Shutting down and abandoning module AudioFormatOgg (117)
[2017.11.26-23.31.36:337][268]LogModuleManager: Shutting down and abandoning module AudioFormatADPCM (115)
[2017.11.26-23.31.36:337][268]LogModuleManager: Shutting down and abandoning module LinuxTargetPlatform (113)
[2017.11.26-23.31.36:337][268]LogModuleManager: Shutting down and abandoning module LinuxServerTargetPlatform (111)
[2017.11.26-23.31.36:337][268]LogModuleManager: Shutting down and abandoning module LinuxNoEditorTargetPlatform (109)
[2017.11.26-23.31.36:337][268]LogModuleManager: Shutting down and abandoning module LinuxClientTargetPlatform (107)
[2017.11.26-23.31.36:337][268]LogModuleManager: Shutting down and abandoning module TVOSTargetPlatform (105)
[2017.11.26-23.31.36:337][268]LogModuleManager: Shutting down and abandoning module Messaging (103)
[2017.11.26-23.31.36:338][268]LogModuleManager: Shutting down and abandoning module IOSTargetPlatform (101)
[2017.11.26-23.31.36:338][268]LogModuleManager: Shutting down and abandoning module HTML5TargetPlatform (99)
[2017.11.26-23.31.36:338][268]LogModuleManager: Shutting down and abandoning module Android_PVRTCTargetPlatform (97)
[2017.11.26-23.31.36:338][268]LogModuleManager: Shutting down and abandoning module Android_MultiTargetPlatform (95)
[2017.11.26-23.31.36:338][268]LogModuleManager: Shutting down and abandoning module Android_ETC2TargetPlatform (93)
[2017.11.26-23.31.36:338][268]LogModuleManager: Shutting down and abandoning module Android_ETC1TargetPlatform (91)
[2017.11.26-23.31.36:338][268]LogModuleManager: Shutting down and abandoning module Android_DXTTargetPlatform (89)
[2017.11.26-23.31.36:338][268]LogModuleManager: Shutting down and abandoning module Android_ATCTargetPlatform (87)
[2017.11.26-23.31.36:338][268]LogModuleManager: Shutting down and abandoning module Android_ASTCTargetPlatform (85)
[2017.11.26-23.31.36:338][268]LogModuleManager: Shutting down and abandoning module AndroidTargetPlatform (83)
[2017.11.26-23.31.36:338][268]LogModuleManager: Shutting down and abandoning module WindowsTargetPlatform (81)
[2017.11.26-23.31.36:338][268]LogModuleManager: Shutting down and abandoning module WindowsServerTargetPlatform (79)
[2017.11.26-23.31.36:338][268]LogModuleManager: Shutting down and abandoning module WindowsNoEditorTargetPlatform (77)
[2017.11.26-23.31.36:338][268]LogModuleManager: Shutting down and abandoning module WindowsClientTargetPlatform (75)
[2017.11.26-23.31.36:338][268]LogModuleManager: Shutting down and abandoning module MacTargetPlatform (73)
[2017.11.26-23.31.36:338][268]LogModuleManager: Shutting down and abandoning module MacServerTargetPlatform (71)
[2017.11.26-23.31.36:338][268]LogModuleManager: Shutting down and abandoning module MacNoEditorTargetPlatform (69)
[2017.11.26-23.31.36:338][268]LogModuleManager: Shutting down and abandoning module MacClientTargetPlatform (67)
[2017.11.26-23.31.36:338][268]LogModuleManager: Shutting down and abandoning module AllDesktopTargetPlatform (65)
[2017.11.26-23.31.36:338][268]LogModuleManager: Shutting down and abandoning module InputCore (62)
[2017.11.26-23.31.36:339][268]LogModuleManager: Shutting down and abandoning module Settings (60)
[2017.11.26-23.31.36:339][268]LogModuleManager: Shutting down and abandoning module OculusRift (58)
[2017.11.26-23.31.36:339][268]LogModuleManager: Shutting down and abandoning module GearVRController (56)
[2017.11.26-23.31.36:339][268]LogModuleManager: Shutting down and abandoning module GearVR (54)
[2017.11.26-23.31.36:340][268]LogModuleManager: Shutting down and abandoning module ExampleDeviceProfileSelector (52)
[2017.11.26-23.31.36:340][268]LogModuleManager: Shutting down and abandoning module OnlineBlueprintSupport (50)
[2017.11.26-23.31.36:340][268]LogModuleManager: Shutting down and abandoning module OnlineSubsystem (46)
[2017.11.26-23.31.36:340][268]LogOnline:Display: Unloading online subsystem: NULL
[2017.11.26-23.31.36:343][268]LogModuleManager: Shutting down and abandoning module XMPP (45)
[2017.11.26-23.31.36:345][268]LogModuleManager: Shutting down and abandoning module HTTP (43)
[2017.11.26-23.31.36:345][268]LogHttp:Display: Http module shutting down, but needs to wait on 1 outstanding Http requests:
[2017.11.26-23.31.36:346][268]LogHttp:Display: 	verb=[POST] url=[https://datarouter.ol.epicgames.com/datarouter/api/v1/public/data?SessionID=%7B1C596E62-4125-40F5-A13B-16A498CD7438%7D&AppID=UEEditor.Rocket.Release&AppVersion=4.16.3-3561208%2B%2B%2BUE4%2BRelease-4.16&UserID=5e5016574e66f20b8b2607961ad57980%7C7dab7645911d4643a34f02ec2e1577a8%7C00f8176e-d7c9-4e6e-9199-7182cc493afb&AppEnvironment=datacollector-binary&UploadType=eteventstream] status=Processing
[2017.11.26-23.31.36:357][268]LogModuleManager: Shutting down and abandoning module SSL (42)
[2017.11.26-23.31.36:362][268]LogModuleManager: Shutting down and abandoning module HTTPChunkInstaller (38)
[2017.11.26-23.31.36:364][268]LogModuleManager: Shutting down and abandoning module DesktopPlatform (36)
[2017.11.26-23.31.36:365][268]LogModuleManager: Shutting down and abandoning module AnimationModifiers (34)
[2017.11.26-23.31.36:366][268]LogModuleManager: Shutting down and abandoning module PropertyEditor (33)
[2017.11.26-23.31.36:367][268]LogModuleManager: Shutting down and abandoning module AudioEditor (30)
[2017.11.26-23.31.36:369][268]LogModuleManager: Shutting down and abandoning module TextureCompressor (28)
[2017.11.26-23.31.36:369][268]LogModuleManager: Shutting down and abandoning module ShaderCore (26)
[2017.11.26-23.31.36:369][268]LogModuleManager: Shutting down and abandoning module Landscape (24)
[2017.11.26-23.31.36:369][268]LogModuleManager: Shutting down and abandoning module SlateRHIRenderer (22)
[2017.11.26-23.31.36:372][268]LogModuleManager: Shutting down and abandoning module OpenGLDrv (20)
[2017.11.26-23.31.36:374][268]LogModuleManager: Shutting down and abandoning module D3D11RHI (18)
[2017.11.26-23.31.36:374][268]LogModuleManager: Shutting down and abandoning module AnimGraphRuntime (16)
[2017.11.26-23.31.36:374][268]LogModuleManager: Shutting down and abandoning module Renderer (14)
[2017.11.26-23.31.36:374][268]LogModuleManager: Shutting down and abandoning module Engine (12)
[2017.11.26-23.31.36:375][268]LogModuleManager: Shutting down and abandoning module CoreUObject (10)
[2017.11.26-23.31.36:375][268]LogModuleManager: Shutting down and abandoning module NetworkFile (8)
[2017.11.26-23.31.36:375][268]LogModuleManager: Shutting down and abandoning module StreamingFile (6)
[2017.11.26-23.31.36:375][268]LogModuleManager: Shutting down and abandoning module SandboxFile (4)
[2017.11.26-23.31.36:375][268]LogModuleManager: Shutting down and abandoning module PakFile (2)
[2017.11.26-23.31.36:381][268]LogExit: Exiting.
[2017.11.26-23.31.36:408][268]Log file closed, 11/26/17 18:31:36
